<?xml version="1.0" encoding="UTF-8"?>
<testsuite xmlns:xsi="http://www.w3.org/2001/XMLSchema-instance" xsi:noNamespaceSchemaLocation="https://maven.apache.org/surefire/maven-surefire-plugin/xsd/surefire-test-report.xsd" name="com.mosaiker.adminservice.controller.UserManageTest" time="0.594" tests="2" errors="0" skipped="0" failures="0">
  <properties>
    <property name="sun.desktop" value="windows"/>
    <property name="awt.toolkit" value="sun.awt.windows.WToolkit"/>
    <property name="file.encoding.pkg" value="sun.io"/>
    <property name="java.specification.version" value="1.8"/>
    <property name="sun.cpu.isalist" value="pentium_pro+mmx pentium_pro pentium+mmx pentium i486 i386 i86"/>
    <property name="sun.jnu.encoding" value="GBK"/>
    <property name="java.class.path" value="F:\github\Winsper-AdminService\target\test-classes;F:\github\Winsper-AdminService\target\classes;D:\Maven\localWareHouse\org\springframework\boot\spring-boot-starter-data-jpa\2.1.6.RELEASE\spring-boot-starter-data-jpa-2.1.6.RELEASE.jar;D:\Maven\localWareHouse\org\springframework\boot\spring-boot-starter-aop\2.1.6.RELEASE\spring-boot-starter-aop-2.1.6.RELEASE.jar;D:\Maven\localWareHouse\org\aspectj\aspectjweaver\1.9.4\aspectjweaver-1.9.4.jar;D:\Maven\localWareHouse\javax\transaction\javax.transaction-api\1.3\javax.transaction-api-1.3.jar;D:\Maven\localWareHouse\javax\xml\bind\jaxb-api\2.3.1\jaxb-api-2.3.1.jar;D:\Maven\localWareHouse\javax\activation\javax.activation-api\1.2.0\javax.activation-api-1.2.0.jar;D:\Maven\localWareHouse\org\hibernate\hibernate-core\5.3.10.Final\hibernate-core-5.3.10.Final.jar;D:\Maven\localWareHouse\org\jboss\logging\jboss-logging\3.3.2.Final\jboss-logging-3.3.2.Final.jar;D:\Maven\localWareHouse\javax\persistence\javax.persistence-api\2.2\javax.persistence-api-2.2.jar;D:\Maven\localWareHouse\org\javassist\javassist\3.23.2-GA\javassist-3.23.2-GA.jar;D:\Maven\localWareHouse\net\bytebuddy\byte-buddy\1.9.13\byte-buddy-1.9.13.jar;D:\Maven\localWareHouse\antlr\antlr\2.7.7\antlr-2.7.7.jar;D:\Maven\localWareHouse\org\jboss\jandex\2.0.5.Final\jandex-2.0.5.Final.jar;D:\Maven\localWareHouse\org\dom4j\dom4j\2.1.1\dom4j-2.1.1.jar;D:\Maven\localWareHouse\org\hibernate\common\hibernate-commons-annotations\5.0.4.Final\hibernate-commons-annotations-5.0.4.Final.jar;D:\Maven\localWareHouse\org\springframework\spring-aspects\5.1.8.RELEASE\spring-aspects-5.1.8.RELEASE.jar;D:\Maven\localWareHouse\org\springframework\boot\spring-boot-starter-jdbc\2.1.6.RELEASE\spring-boot-starter-jdbc-2.1.6.RELEASE.jar;D:\Maven\localWareHouse\org\springframework\boot\spring-boot-starter\2.1.6.RELEASE\spring-boot-starter-2.1.6.RELEASE.jar;D:\Maven\localWareHouse\org\springframework\boot\spring-boot\2.1.6.RELEASE\spring-boot-2.1.6.RELEASE.jar;D:\Maven\localWareHouse\org\springframework\boot\spring-boot-autoconfigure\2.1.6.RELEASE\spring-boot-autoconfigure-2.1.6.RELEASE.jar;D:\Maven\localWareHouse\org\springframework\boot\spring-boot-starter-logging\2.1.6.RELEASE\spring-boot-starter-logging-2.1.6.RELEASE.jar;D:\Maven\localWareHouse\ch\qos\logback\logback-classic\1.2.3\logback-classic-1.2.3.jar;D:\Maven\localWareHouse\ch\qos\logback\logback-core\1.2.3\logback-core-1.2.3.jar;D:\Maven\localWareHouse\org\apache\logging\log4j\log4j-to-slf4j\2.11.2\log4j-to-slf4j-2.11.2.jar;D:\Maven\localWareHouse\org\apache\logging\log4j\log4j-api\2.11.2\log4j-api-2.11.2.jar;D:\Maven\localWareHouse\org\slf4j\jul-to-slf4j\1.7.26\jul-to-slf4j-1.7.26.jar;D:\Maven\localWareHouse\javax\annotation\javax.annotation-api\1.3.2\javax.annotation-api-1.3.2.jar;D:\Maven\localWareHouse\org\yaml\snakeyaml\1.23\snakeyaml-1.23.jar;D:\Maven\localWareHouse\com\zaxxer\HikariCP\3.2.0\HikariCP-3.2.0.jar;D:\Maven\localWareHouse\org\springframework\spring-jdbc\5.1.8.RELEASE\spring-jdbc-5.1.8.RELEASE.jar;D:\Maven\localWareHouse\org\springframework\boot\spring-boot-configuration-processor\2.1.6.RELEASE\spring-boot-configuration-processor-2.1.6.RELEASE.jar;D:\Maven\localWareHouse\org\projectlombok\lombok\1.18.8\lombok-1.18.8.jar;D:\Maven\localWareHouse\org\springframework\boot\spring-boot-starter-test\2.1.6.RELEASE\spring-boot-starter-test-2.1.6.RELEASE.jar;D:\Maven\localWareHouse\org\springframework\boot\spring-boot-test\2.1.6.RELEASE\spring-boot-test-2.1.6.RELEASE.jar;D:\Maven\localWareHouse\org\springframework\boot\spring-boot-test-autoconfigure\2.1.6.RELEASE\spring-boot-test-autoconfigure-2.1.6.RELEASE.jar;D:\Maven\localWareHouse\com\jayway\jsonpath\json-path\2.4.0\json-path-2.4.0.jar;D:\Maven\localWareHouse\net\minidev\json-smart\2.3\json-smart-2.3.jar;D:\Maven\localWareHouse\net\minidev\accessors-smart\1.2\accessors-smart-1.2.jar;D:\Maven\localWareHouse\org\ow2\asm\asm\5.0.4\asm-5.0.4.jar;D:\Maven\localWareHouse\junit\junit\4.12\junit-4.12.jar;D:\Maven\localWareHouse\org\assertj\assertj-core\3.11.1\assertj-core-3.11.1.jar;D:\Maven\localWareHouse\org\mockito\mockito-core\2.23.4\mockito-core-2.23.4.jar;D:\Maven\localWareHouse\net\bytebuddy\byte-buddy-agent\1.9.13\byte-buddy-agent-1.9.13.jar;D:\Maven\localWareHouse\org\objenesis\objenesis\2.6\objenesis-2.6.jar;D:\Maven\localWareHouse\org\hamcrest\hamcrest-core\1.3\hamcrest-core-1.3.jar;D:\Maven\localWareHouse\org\hamcrest\hamcrest-library\1.3\hamcrest-library-1.3.jar;D:\Maven\localWareHouse\org\skyscreamer\jsonassert\1.5.0\jsonassert-1.5.0.jar;D:\Maven\localWareHouse\com\vaadin\external\google\android-json\0.0.20131108.vaadin1\android-json-0.0.20131108.vaadin1.jar;D:\Maven\localWareHouse\org\springframework\spring-core\5.1.8.RELEASE\spring-core-5.1.8.RELEASE.jar;D:\Maven\localWareHouse\org\springframework\spring-jcl\5.1.8.RELEASE\spring-jcl-5.1.8.RELEASE.jar;D:\Maven\localWareHouse\org\springframework\spring-test\5.1.8.RELEASE\spring-test-5.1.8.RELEASE.jar;D:\Maven\localWareHouse\org\xmlunit\xmlunit-core\2.6.2\xmlunit-core-2.6.2.jar;D:\Maven\localWareHouse\org\springframework\data\spring-data-jpa\2.1.8.RELEASE\spring-data-jpa-2.1.8.RELEASE.jar;D:\Maven\localWareHouse\org\springframework\data\spring-data-commons\2.1.9.RELEASE\spring-data-commons-2.1.9.RELEASE.jar;D:\Maven\localWareHouse\org\springframework\spring-orm\5.1.8.RELEASE\spring-orm-5.1.8.RELEASE.jar;D:\Maven\localWareHouse\org\springframework\spring-context\5.1.8.RELEASE\spring-context-5.1.8.RELEASE.jar;D:\Maven\localWareHouse\org\springframework\spring-expression\5.1.8.RELEASE\spring-expression-5.1.8.RELEASE.jar;D:\Maven\localWareHouse\org\springframework\spring-aop\5.1.8.RELEASE\spring-aop-5.1.8.RELEASE.jar;D:\Maven\localWareHouse\org\springframework\spring-tx\5.1.8.RELEASE\spring-tx-5.1.8.RELEASE.jar;D:\Maven\localWareHouse\org\springframework\spring-beans\5.1.8.RELEASE\spring-beans-5.1.8.RELEASE.jar;D:\Maven\localWareHouse\org\aspectj\aspectjrt\1.9.4\aspectjrt-1.9.4.jar;D:\Maven\localWareHouse\org\slf4j\slf4j-api\1.7.26\slf4j-api-1.7.26.jar;D:\Maven\localWareHouse\mysql\mysql-connector-java\8.0.15\mysql-connector-java-8.0.15.jar;D:\Maven\localWareHouse\com\alibaba\fastjson\1.2.58\fastjson-1.2.58.jar;D:\Maven\localWareHouse\io\springfox\springfox-swagger-ui\2.9.2\springfox-swagger-ui-2.9.2.jar;D:\Maven\localWareHouse\org\springframework\boot\spring-boot-starter-web\2.1.6.RELEASE\spring-boot-starter-web-2.1.6.RELEASE.jar;D:\Maven\localWareHouse\org\springframework\boot\spring-boot-starter-json\2.1.6.RELEASE\spring-boot-starter-json-2.1.6.RELEASE.jar;D:\Maven\localWareHouse\com\fasterxml\jackson\core\jackson-databind\2.9.9\jackson-databind-2.9.9.jar;D:\Maven\localWareHouse\com\fasterxml\jackson\core\jackson-core\2.9.9\jackson-core-2.9.9.jar;D:\Maven\localWareHouse\com\fasterxml\jackson\datatype\jackson-datatype-jdk8\2.9.9\jackson-datatype-jdk8-2.9.9.jar;D:\Maven\localWareHouse\com\fasterxml\jackson\datatype\jackson-datatype-jsr310\2.9.9\jackson-datatype-jsr310-2.9.9.jar;D:\Maven\localWareHouse\com\fasterxml\jackson\module\jackson-module-parameter-names\2.9.9\jackson-module-parameter-names-2.9.9.jar;D:\Maven\localWareHouse\org\springframework\boot\spring-boot-starter-tomcat\2.1.6.RELEASE\spring-boot-starter-tomcat-2.1.6.RELEASE.jar;D:\Maven\localWareHouse\org\apache\tomcat\embed\tomcat-embed-core\9.0.21\tomcat-embed-core-9.0.21.jar;D:\Maven\localWareHouse\org\apache\tomcat\embed\tomcat-embed-el\9.0.21\tomcat-embed-el-9.0.21.jar;D:\Maven\localWareHouse\org\apache\tomcat\embed\tomcat-embed-websocket\9.0.21\tomcat-embed-websocket-9.0.21.jar;D:\Maven\localWareHouse\org\hibernate\validator\hibernate-validator\6.0.17.Final\hibernate-validator-6.0.17.Final.jar;D:\Maven\localWareHouse\javax\validation\validation-api\2.0.1.Final\validation-api-2.0.1.Final.jar;D:\Maven\localWareHouse\org\springframework\spring-web\5.1.8.RELEASE\spring-web-5.1.8.RELEASE.jar;D:\Maven\localWareHouse\org\springframework\spring-webmvc\5.1.8.RELEASE\spring-webmvc-5.1.8.RELEASE.jar;D:\Maven\localWareHouse\io\springfox\springfox-swagger2\2.9.2\springfox-swagger2-2.9.2.jar;D:\Maven\localWareHouse\io\swagger\swagger-annotations\1.5.20\swagger-annotations-1.5.20.jar;D:\Maven\localWareHouse\io\swagger\swagger-models\1.5.20\swagger-models-1.5.20.jar;D:\Maven\localWareHouse\com\fasterxml\jackson\core\jackson-annotations\2.9.0\jackson-annotations-2.9.0.jar;D:\Maven\localWareHouse\io\springfox\springfox-spi\2.9.2\springfox-spi-2.9.2.jar;D:\Maven\localWareHouse\io\springfox\springfox-core\2.9.2\springfox-core-2.9.2.jar;D:\Maven\localWareHouse\io\springfox\springfox-schema\2.9.2\springfox-schema-2.9.2.jar;D:\Maven\localWareHouse\io\springfox\springfox-swagger-common\2.9.2\springfox-swagger-common-2.9.2.jar;D:\Maven\localWareHouse\com\google\guava\guava\20.0\guava-20.0.jar;D:\Maven\localWareHouse\com\fasterxml\classmate\1.4.0\classmate-1.4.0.jar;D:\Maven\localWareHouse\org\springframework\plugin\spring-plugin-core\1.2.0.RELEASE\spring-plugin-core-1.2.0.RELEASE.jar;D:\Maven\localWareHouse\org\springframework\plugin\spring-plugin-metadata\1.2.0.RELEASE\spring-plugin-metadata-1.2.0.RELEASE.jar;D:\Maven\localWareHouse\org\mapstruct\mapstruct\1.2.0.Final\mapstruct-1.2.0.Final.jar;D:\Maven\localWareHouse\io\springfox\springfox-spring-web\2.9.2\springfox-spring-web-2.9.2.jar;"/>
    <property name="java.vm.vendor" value="Oracle Corporation"/>
    <property name="sun.arch.data.model" value="32"/>
    <property name="user.variant" value=""/>
    <property name="java.vendor.url" value="http://java.oracle.com/"/>
    <property name="user.timezone" value="Asia/Shanghai"/>
    <property name="java.vm.specification.version" value="1.8"/>
    <property name="os.name" value="Windows 10"/>
    <property name="user.country" value="CN"/>
    <property name="sun.java.launcher" value="SUN_STANDARD"/>
    <property name="sun.boot.library.path" value="D:\SDK\JDK8\jre\bin"/>
    <property name="sun.java.command" value="C:\Users\qe\AppData\Local\Temp\surefire5901862802026932004\surefirebooter3202621394783864325.jar C:\Users\qe\AppData\Local\Temp\surefire5901862802026932004 2019-07-03T17-30-21_595-jvmRun1 surefire7237304798913007195tmp surefire_07229095696230084076tmp"/>
    <property name="surefire.test.class.path" value="F:\github\Winsper-AdminService\target\test-classes;F:\github\Winsper-AdminService\target\classes;D:\Maven\localWareHouse\org\springframework\boot\spring-boot-starter-data-jpa\2.1.6.RELEASE\spring-boot-starter-data-jpa-2.1.6.RELEASE.jar;D:\Maven\localWareHouse\org\springframework\boot\spring-boot-starter-aop\2.1.6.RELEASE\spring-boot-starter-aop-2.1.6.RELEASE.jar;D:\Maven\localWareHouse\org\aspectj\aspectjweaver\1.9.4\aspectjweaver-1.9.4.jar;D:\Maven\localWareHouse\javax\transaction\javax.transaction-api\1.3\javax.transaction-api-1.3.jar;D:\Maven\localWareHouse\javax\xml\bind\jaxb-api\2.3.1\jaxb-api-2.3.1.jar;D:\Maven\localWareHouse\javax\activation\javax.activation-api\1.2.0\javax.activation-api-1.2.0.jar;D:\Maven\localWareHouse\org\hibernate\hibernate-core\5.3.10.Final\hibernate-core-5.3.10.Final.jar;D:\Maven\localWareHouse\org\jboss\logging\jboss-logging\3.3.2.Final\jboss-logging-3.3.2.Final.jar;D:\Maven\localWareHouse\javax\persistence\javax.persistence-api\2.2\javax.persistence-api-2.2.jar;D:\Maven\localWareHouse\org\javassist\javassist\3.23.2-GA\javassist-3.23.2-GA.jar;D:\Maven\localWareHouse\net\bytebuddy\byte-buddy\1.9.13\byte-buddy-1.9.13.jar;D:\Maven\localWareHouse\antlr\antlr\2.7.7\antlr-2.7.7.jar;D:\Maven\localWareHouse\org\jboss\jandex\2.0.5.Final\jandex-2.0.5.Final.jar;D:\Maven\localWareHouse\org\dom4j\dom4j\2.1.1\dom4j-2.1.1.jar;D:\Maven\localWareHouse\org\hibernate\common\hibernate-commons-annotations\5.0.4.Final\hibernate-commons-annotations-5.0.4.Final.jar;D:\Maven\localWareHouse\org\springframework\spring-aspects\5.1.8.RELEASE\spring-aspects-5.1.8.RELEASE.jar;D:\Maven\localWareHouse\org\springframework\boot\spring-boot-starter-jdbc\2.1.6.RELEASE\spring-boot-starter-jdbc-2.1.6.RELEASE.jar;D:\Maven\localWareHouse\org\springframework\boot\spring-boot-starter\2.1.6.RELEASE\spring-boot-starter-2.1.6.RELEASE.jar;D:\Maven\localWareHouse\org\springframework\boot\spring-boot\2.1.6.RELEASE\spring-boot-2.1.6.RELEASE.jar;D:\Maven\localWareHouse\org\springframework\boot\spring-boot-autoconfigure\2.1.6.RELEASE\spring-boot-autoconfigure-2.1.6.RELEASE.jar;D:\Maven\localWareHouse\org\springframework\boot\spring-boot-starter-logging\2.1.6.RELEASE\spring-boot-starter-logging-2.1.6.RELEASE.jar;D:\Maven\localWareHouse\ch\qos\logback\logback-classic\1.2.3\logback-classic-1.2.3.jar;D:\Maven\localWareHouse\ch\qos\logback\logback-core\1.2.3\logback-core-1.2.3.jar;D:\Maven\localWareHouse\org\apache\logging\log4j\log4j-to-slf4j\2.11.2\log4j-to-slf4j-2.11.2.jar;D:\Maven\localWareHouse\org\apache\logging\log4j\log4j-api\2.11.2\log4j-api-2.11.2.jar;D:\Maven\localWareHouse\org\slf4j\jul-to-slf4j\1.7.26\jul-to-slf4j-1.7.26.jar;D:\Maven\localWareHouse\javax\annotation\javax.annotation-api\1.3.2\javax.annotation-api-1.3.2.jar;D:\Maven\localWareHouse\org\yaml\snakeyaml\1.23\snakeyaml-1.23.jar;D:\Maven\localWareHouse\com\zaxxer\HikariCP\3.2.0\HikariCP-3.2.0.jar;D:\Maven\localWareHouse\org\springframework\spring-jdbc\5.1.8.RELEASE\spring-jdbc-5.1.8.RELEASE.jar;D:\Maven\localWareHouse\org\springframework\boot\spring-boot-configuration-processor\2.1.6.RELEASE\spring-boot-configuration-processor-2.1.6.RELEASE.jar;D:\Maven\localWareHouse\org\projectlombok\lombok\1.18.8\lombok-1.18.8.jar;D:\Maven\localWareHouse\org\springframework\boot\spring-boot-starter-test\2.1.6.RELEASE\spring-boot-starter-test-2.1.6.RELEASE.jar;D:\Maven\localWareHouse\org\springframework\boot\spring-boot-test\2.1.6.RELEASE\spring-boot-test-2.1.6.RELEASE.jar;D:\Maven\localWareHouse\org\springframework\boot\spring-boot-test-autoconfigure\2.1.6.RELEASE\spring-boot-test-autoconfigure-2.1.6.RELEASE.jar;D:\Maven\localWareHouse\com\jayway\jsonpath\json-path\2.4.0\json-path-2.4.0.jar;D:\Maven\localWareHouse\net\minidev\json-smart\2.3\json-smart-2.3.jar;D:\Maven\localWareHouse\net\minidev\accessors-smart\1.2\accessors-smart-1.2.jar;D:\Maven\localWareHouse\org\ow2\asm\asm\5.0.4\asm-5.0.4.jar;D:\Maven\localWareHouse\junit\junit\4.12\junit-4.12.jar;D:\Maven\localWareHouse\org\assertj\assertj-core\3.11.1\assertj-core-3.11.1.jar;D:\Maven\localWareHouse\org\mockito\mockito-core\2.23.4\mockito-core-2.23.4.jar;D:\Maven\localWareHouse\net\bytebuddy\byte-buddy-agent\1.9.13\byte-buddy-agent-1.9.13.jar;D:\Maven\localWareHouse\org\objenesis\objenesis\2.6\objenesis-2.6.jar;D:\Maven\localWareHouse\org\hamcrest\hamcrest-core\1.3\hamcrest-core-1.3.jar;D:\Maven\localWareHouse\org\hamcrest\hamcrest-library\1.3\hamcrest-library-1.3.jar;D:\Maven\localWareHouse\org\skyscreamer\jsonassert\1.5.0\jsonassert-1.5.0.jar;D:\Maven\localWareHouse\com\vaadin\external\google\android-json\0.0.20131108.vaadin1\android-json-0.0.20131108.vaadin1.jar;D:\Maven\localWareHouse\org\springframework\spring-core\5.1.8.RELEASE\spring-core-5.1.8.RELEASE.jar;D:\Maven\localWareHouse\org\springframework\spring-jcl\5.1.8.RELEASE\spring-jcl-5.1.8.RELEASE.jar;D:\Maven\localWareHouse\org\springframework\spring-test\5.1.8.RELEASE\spring-test-5.1.8.RELEASE.jar;D:\Maven\localWareHouse\org\xmlunit\xmlunit-core\2.6.2\xmlunit-core-2.6.2.jar;D:\Maven\localWareHouse\org\springframework\data\spring-data-jpa\2.1.8.RELEASE\spring-data-jpa-2.1.8.RELEASE.jar;D:\Maven\localWareHouse\org\springframework\data\spring-data-commons\2.1.9.RELEASE\spring-data-commons-2.1.9.RELEASE.jar;D:\Maven\localWareHouse\org\springframework\spring-orm\5.1.8.RELEASE\spring-orm-5.1.8.RELEASE.jar;D:\Maven\localWareHouse\org\springframework\spring-context\5.1.8.RELEASE\spring-context-5.1.8.RELEASE.jar;D:\Maven\localWareHouse\org\springframework\spring-expression\5.1.8.RELEASE\spring-expression-5.1.8.RELEASE.jar;D:\Maven\localWareHouse\org\springframework\spring-aop\5.1.8.RELEASE\spring-aop-5.1.8.RELEASE.jar;D:\Maven\localWareHouse\org\springframework\spring-tx\5.1.8.RELEASE\spring-tx-5.1.8.RELEASE.jar;D:\Maven\localWareHouse\org\springframework\spring-beans\5.1.8.RELEASE\spring-beans-5.1.8.RELEASE.jar;D:\Maven\localWareHouse\org\aspectj\aspectjrt\1.9.4\aspectjrt-1.9.4.jar;D:\Maven\localWareHouse\org\slf4j\slf4j-api\1.7.26\slf4j-api-1.7.26.jar;D:\Maven\localWareHouse\mysql\mysql-connector-java\8.0.15\mysql-connector-java-8.0.15.jar;D:\Maven\localWareHouse\com\alibaba\fastjson\1.2.58\fastjson-1.2.58.jar;D:\Maven\localWareHouse\io\springfox\springfox-swagger-ui\2.9.2\springfox-swagger-ui-2.9.2.jar;D:\Maven\localWareHouse\org\springframework\boot\spring-boot-starter-web\2.1.6.RELEASE\spring-boot-starter-web-2.1.6.RELEASE.jar;D:\Maven\localWareHouse\org\springframework\boot\spring-boot-starter-json\2.1.6.RELEASE\spring-boot-starter-json-2.1.6.RELEASE.jar;D:\Maven\localWareHouse\com\fasterxml\jackson\core\jackson-databind\2.9.9\jackson-databind-2.9.9.jar;D:\Maven\localWareHouse\com\fasterxml\jackson\core\jackson-core\2.9.9\jackson-core-2.9.9.jar;D:\Maven\localWareHouse\com\fasterxml\jackson\datatype\jackson-datatype-jdk8\2.9.9\jackson-datatype-jdk8-2.9.9.jar;D:\Maven\localWareHouse\com\fasterxml\jackson\datatype\jackson-datatype-jsr310\2.9.9\jackson-datatype-jsr310-2.9.9.jar;D:\Maven\localWareHouse\com\fasterxml\jackson\module\jackson-module-parameter-names\2.9.9\jackson-module-parameter-names-2.9.9.jar;D:\Maven\localWareHouse\org\springframework\boot\spring-boot-starter-tomcat\2.1.6.RELEASE\spring-boot-starter-tomcat-2.1.6.RELEASE.jar;D:\Maven\localWareHouse\org\apache\tomcat\embed\tomcat-embed-core\9.0.21\tomcat-embed-core-9.0.21.jar;D:\Maven\localWareHouse\org\apache\tomcat\embed\tomcat-embed-el\9.0.21\tomcat-embed-el-9.0.21.jar;D:\Maven\localWareHouse\org\apache\tomcat\embed\tomcat-embed-websocket\9.0.21\tomcat-embed-websocket-9.0.21.jar;D:\Maven\localWareHouse\org\hibernate\validator\hibernate-validator\6.0.17.Final\hibernate-validator-6.0.17.Final.jar;D:\Maven\localWareHouse\javax\validation\validation-api\2.0.1.Final\validation-api-2.0.1.Final.jar;D:\Maven\localWareHouse\org\springframework\spring-web\5.1.8.RELEASE\spring-web-5.1.8.RELEASE.jar;D:\Maven\localWareHouse\org\springframework\spring-webmvc\5.1.8.RELEASE\spring-webmvc-5.1.8.RELEASE.jar;D:\Maven\localWareHouse\io\springfox\springfox-swagger2\2.9.2\springfox-swagger2-2.9.2.jar;D:\Maven\localWareHouse\io\swagger\swagger-annotations\1.5.20\swagger-annotations-1.5.20.jar;D:\Maven\localWareHouse\io\swagger\swagger-models\1.5.20\swagger-models-1.5.20.jar;D:\Maven\localWareHouse\com\fasterxml\jackson\core\jackson-annotations\2.9.0\jackson-annotations-2.9.0.jar;D:\Maven\localWareHouse\io\springfox\springfox-spi\2.9.2\springfox-spi-2.9.2.jar;D:\Maven\localWareHouse\io\springfox\springfox-core\2.9.2\springfox-core-2.9.2.jar;D:\Maven\localWareHouse\io\springfox\springfox-schema\2.9.2\springfox-schema-2.9.2.jar;D:\Maven\localWareHouse\io\springfox\springfox-swagger-common\2.9.2\springfox-swagger-common-2.9.2.jar;D:\Maven\localWareHouse\com\google\guava\guava\20.0\guava-20.0.jar;D:\Maven\localWareHouse\com\fasterxml\classmate\1.4.0\classmate-1.4.0.jar;D:\Maven\localWareHouse\org\springframework\plugin\spring-plugin-core\1.2.0.RELEASE\spring-plugin-core-1.2.0.RELEASE.jar;D:\Maven\localWareHouse\org\springframework\plugin\spring-plugin-metadata\1.2.0.RELEASE\spring-plugin-metadata-1.2.0.RELEASE.jar;D:\Maven\localWareHouse\org\mapstruct\mapstruct\1.2.0.Final\mapstruct-1.2.0.Final.jar;D:\Maven\localWareHouse\io\springfox\springfox-spring-web\2.9.2\springfox-spring-web-2.9.2.jar;"/>
    <property name="sun.cpu.endian" value="little"/>
    <property name="user.home" value="C:\Users\qe"/>
    <property name="user.language" value="zh"/>
    <property name="java.specification.vendor" value="Oracle Corporation"/>
    <property name="java.home" value="D:\SDK\JDK8\jre"/>
    <property name="basedir" value="F:\github\Winsper-AdminService"/>
    <property name="file.separator" value="\"/>
    <property name="line.separator" value="&#10;"/>
    <property name="java.vm.specification.vendor" value="Oracle Corporation"/>
    <property name="java.specification.name" value="Java Platform API Specification"/>
    <property name="java.awt.graphicsenv" value="sun.awt.Win32GraphicsEnvironment"/>
    <property name="surefire.real.class.path" value="C:\Users\qe\AppData\Local\Temp\surefire5901862802026932004\surefirebooter3202621394783864325.jar"/>
    <property name="sun.boot.class.path" value="D:\SDK\JDK8\jre\lib\resources.jar;D:\SDK\JDK8\jre\lib\rt.jar;D:\SDK\JDK8\jre\lib\sunrsasign.jar;D:\SDK\JDK8\jre\lib\jsse.jar;D:\SDK\JDK8\jre\lib\jce.jar;D:\SDK\JDK8\jre\lib\charsets.jar;D:\SDK\JDK8\jre\lib\jfr.jar;D:\SDK\JDK8\jre\classes"/>
    <property name="user.script" value=""/>
    <property name="sun.management.compiler" value="HotSpot Client Compiler"/>
    <property name="java.runtime.version" value="1.8.0_211-b12"/>
    <property name="user.name" value="qe"/>
    <property name="path.separator" value=";"/>
    <property name="os.version" value="10.0"/>
    <property name="java.endorsed.dirs" value="D:\SDK\JDK8\jre\lib\endorsed"/>
    <property name="java.runtime.name" value="Java(TM) SE Runtime Environment"/>
    <property name="file.encoding" value="GBK"/>
    <property name="java.vm.name" value="Java HotSpot(TM) Client VM"/>
    <property name="localRepository" value="D:\Maven\localWareHouse"/>
    <property name="java.vendor.url.bug" value="http://bugreport.sun.com/bugreport/"/>
    <property name="java.io.tmpdir" value="C:\Users\qe\AppData\Local\Temp\"/>
    <property name="java.version" value="1.8.0_211"/>
    <property name="user.dir" value="F:\github\Winsper-AdminService"/>
    <property name="os.arch" value="x86"/>
    <property name="java.vm.specification.name" value="Java Virtual Machine Specification"/>
    <property name="java.awt.printerjob" value="sun.awt.windows.WPrinterJob"/>
    <property name="sun.os.patch.level" value=""/>
    <property name="java.library.path" value="D:\SDK\JDK8\jre\bin;C:\WINDOWS\Sun\Java\bin;C:\WINDOWS\system32;C:\WINDOWS;E:\Cmder\bin;E:\Cmder\vendor\conemu-maximus5\ConEmu\Scripts;E:\Cmder\vendor\conemu-maximus5;E:\Cmder\vendor\conemu-maximus5\ConEmu;C:\Program Files (x86)\Common Files\Oracle\Java\javapath;C:\Program Files (x86)\Intel\iCLS Client\;C:\Program Files\Intel\iCLS Client\;C:\Windows\system32;C:\Windows;C:\Windows\System32\Wbem;C:\Windows\System32\WindowsPowerShell\v1.0\;C:\Program Files (x86)\Intel\Intel(R) Management Engine Components\DAL;C:\Program Files\Intel\Intel(R) Management Engine Components\DAL;C:\Program Files (x86)\Intel\Intel(R) Management Engine Components\IPT;C:\Program Files\Intel\Intel(R) Management Engine Components\IPT;C:\Program Files (x86)\NVIDIA Corporation\PhysX\Common;C:\WINDOWS\system32;C:\WINDOWS;C:\WINDOWS\System32\Wbem;C:\WINDOWS\System32\WindowsPowerShell\v1.0\;C:\Program Files\dotnet\;C:\WINDOWS\System32\OpenSSH\;D:\MinGW\bin;E:\Git\cmd;E:\Node.js\;D:\SDK\JDK8\bin;D:\SDK\JDK8\jre\bin;D:\MySQL\mysql-8.0.15-winx64\bin;D:\Maven\apache-maven-3.6.0\bin;D:\MongoDB\bin;C:\Program Files\Intel\WiFi\bin\;C:\Program Files\Common Files\Intel\WirelessCommon\;D:\Android-Studio\SDK\platform-tools;C:\Users\qe\AppData\Local\Programs\Python\Python37\Scripts\;C:\Users\qe\AppData\Local\Programs\Python\Python37\;C:\Users\qe\AppData\Local\Microsoft\WindowsApps;;D:\VScode\Microsoft VS Code\bin;D:\JetBrain IJ\IntelliJ IDEA 2018.3.3\bin;;C:\Users\qe\AppData\Roaming\npm;E:\Git\usr\bin;E:\Git\usr\share\vim\vim74;E:\Cmder\;."/>
    <property name="java.vm.info" value="mixed mode"/>
    <property name="java.vendor" value="Oracle Corporation"/>
    <property name="java.vm.version" value="25.211-b12"/>
    <property name="java.ext.dirs" value="D:\SDK\JDK8\jre\lib\ext;C:\WINDOWS\Sun\Java\lib\ext"/>
    <property name="sun.io.unicode.encoding" value="UnicodeLittle"/>
    <property name="java.class.version" value="52.0"/>
  </properties>
  <testcase name="testFindAllUser" classname="com.mosaiker.adminservice.controller.UserManageTest" time="0.315"/>
  <testcase name="testChangeStatus" classname="com.mosaiker.adminservice.controller.UserManageTest" time="0.266"/>
</testsuite>